
> @namehash/nameparser@0.0.3 build /Users/franco/blockful/Clients/nameguard/packages/nameparser
> tsup

CLI Building entry: src/ensname.test.ts, src/ensname.ts, src/hashutils.test.ts, src/hashutils.ts, src/index.ts
CLI Using tsconfig: tsconfig.json
CLI tsup v7.2.0
CLI Using tsup config: /Users/franco/blockful/Clients/nameguard/packages/nameparser/tsup.config.js
CLI Target: es2016
CLI Cleaning output folder
ESM Build start
CJS Build start
ESM dist/ensname.test.js       9.05 KB
ESM dist/ensname.js            684.00 B
ESM dist/chunk-OLJTYF5H.js     4.37 KB
ESM dist/chunk-CP4W4744.js     1.60 KB
ESM dist/hashutils.js          394.00 B
ESM dist/hashutils.test.js     7.92 KB
ESM dist/index.js              3.20 KB
ESM dist/ensname.test.js.map   16.97 KB
ESM dist/ensname.js.map        71.00 B
ESM dist/chunk-OLJTYF5H.js.map 13.49 KB
ESM dist/chunk-CP4W4744.js.map 4.52 KB
ESM dist/hashutils.js.map      71.00 B
ESM dist/hashutils.test.js.map 11.87 KB
ESM dist/index.js.map          6.81 KB
ESM ⚡️ Build success in 116ms
CJS dist/ensname.test.cjs       13.92 KB
CJS dist/ensname.cjs            1.07 KB
CJS dist/hashutils.cjs          653.00 B
CJS dist/chunk-QZLLOGAA.cjs     5.04 KB
CJS dist/hashutils.test.cjs     10.07 KB
CJS dist/chunk-LKWIPMWP.cjs     1.87 KB
CJS dist/index.cjs              3.58 KB
CJS dist/ensname.test.cjs.map   16.97 KB
CJS dist/ensname.cjs.map        51.00 B
CJS dist/hashutils.cjs.map      51.00 B
CJS dist/chunk-QZLLOGAA.cjs.map 13.49 KB
CJS dist/hashutils.test.cjs.map 11.87 KB
CJS dist/chunk-LKWIPMWP.cjs.map 4.52 KB
CJS dist/index.cjs.map          6.81 KB
CJS ⚡️ Build success in 117ms
DTS Build start
DTS ⚡️ Build success in 1659ms
DTS dist/ensname.test.d.ts    12.00 B
DTS dist/hashutils.d.ts       2.31 KB
DTS dist/index.d.ts           1.63 KB
DTS dist/ensname.d.ts         5.71 KB
DTS dist/hashutils.test.d.ts  12.00 B
DTS dist/ensname.test.d.cts   12.00 B
DTS dist/hashutils.d.cts      2.31 KB
DTS dist/index.d.cts          1.63 KB
DTS dist/ensname.d.cts        5.71 KB
DTS dist/hashutils.test.d.cts 12.00 B
